<?xml version="1.0" encoding="UTF-8"?>
<!-- Generated by org.testng.reporters.JUnitReportReporter -->
<testsuite hostname="HbpSoft" failures="0" tests="1" name="com.test.Dashboard_apis.AtlasCreation_api" time="1.755" errors="0" timestamp="2024-03-21T12:38:12 IST" skipped="0">
  <testcase classname="com.test.Dashboard_apis.AtlasCreation_api" name="AtlasCreation" time="1.755"/>
  <system-out/>
</testsuite> <!-- com.test.Dashboard_apis.AtlasCreation_api -->
