<?xml version="1.0" encoding="UTF-8"?>
<!-- Generated by org.testng.reporters.JUnitReportReporter -->
<testsuite hostname="HbpSoft" failures="0" tests="1" name="com.test.Dashboard_apis.CryoBlock_api" time="1.270" errors="0" timestamp="2024-03-21T12:34:51 IST" skipped="0">
  <testcase classname="com.test.Dashboard_apis.CryoBlock_api" name="CryoBlock" time="1.270"/>
  <system-out/>
</testsuite> <!-- com.test.Dashboard_apis.CryoBlock_api -->
