<?xml version="1.0" encoding="UTF-8"?>
<!-- Generated by org.testng.reporters.JUnitReportReporter -->
<testsuite hostname="HbpSoft" failures="0" tests="1" name="com.test.Dashboard_apis.MRI_api" time="1.277" errors="0" timestamp="2024-03-21T12:35:37 IST" skipped="0">
  <testcase classname="com.test.Dashboard_apis.MRI_api" name="MRI" time="1.277"/>
  <system-out/>
</testsuite> <!-- com.test.Dashboard_apis.MRI_api -->
