<?xml version="1.0" encoding="UTF-8"?>
<!-- Generated by org.testng.reporters.JUnitReportReporter -->
<testsuite hostname="vivobook-asuslaptop-x512flc-x512fl" failures="0" tests="8" name="com.test.Dashboard_apis.Testing" time="2.351" errors="0" timestamp="2024-01-16T11:58:13 IST" skipped="0">
  <testcase classname="com.test.Dashboard_apis.Testing" name="subject" time="1.409"/>
  <system-out/>
  <testcase classname="com.test.Dashboard_apis.Testing" name="OrganExtraction" time="0.049"/>
  <system-out/>
  <testcase classname="com.test.Dashboard_apis.Testing" name="Cryoprotection" time="0.049"/>
  <system-out/>
  <testcase classname="com.test.Dashboard_apis.Testing" name="CryoBlock" time="0.044"/>
  <system-out/>
  <testcase classname="com.test.Dashboard_apis.Testing" name="MRI" time="0.037"/>
  <system-out/>
  <testcase classname="com.test.Dashboard_apis.Testing" name="ImageQC" time="0.060"/>
  <system-out/>
  <testcase classname="com.test.Dashboard_apis.Testing" name="Registration" time="0.031"/>
  <system-out/>
  <testcase classname="com.test.Dashboard_apis.Testing" name="AtlasCreation" time="0.672"/>
  <system-out/>
</testsuite> <!-- com.test.Dashboard_apis.Testing -->
